{"level":"error","message":"Fri May 31 2024 12:19:30 GMT+0530 (India Standard Time)-{}","private":true}
{"level":"error","message":"Fri May 31 2024 12:20:07 GMT+0530 (India Standard Time)-{}","private":true}
{"level":"error","message":"Fri May 31 2024 12:21:26 GMT+0530 (India Standard Time)-{}","private":true}
{"level":"error","message":"Fri May 31 2024 12:24:09 GMT+0530 (India Standard Time)-{}","private":true}
{"level":"error","message":"Fri May 31 2024 12:25:28 GMT+0530 (India Standard Time)-{}","private":true}
{"level":"error","message":"Fri May 31 2024 12:26:42 GMT+0530 (India Standard Time)-{}","private":true}
{"level":"error","message":"Fri May 31 2024 12:26:51 GMT+0530 (India Standard Time)-{}","private":true}
{"level":"error","message":"Fri May 31 2024 12:26:59 GMT+0530 (India Standard Time)-{}","private":true}
{"level":"error","message":"Fri May 31 2024 12:27:52 GMT+0530 (India Standard Time)-{}","private":true}
{"level":"error","message":"Fri May 31 2024 12:28:00 GMT+0530 (India Standard Time)-{}","private":true}
{"level":"error","message":"Fri May 31 2024 12:30:01 GMT+0530 (India Standard Time)-{}","private":true}
{"level":"error","message":"Fri May 31 2024 12:30:02 GMT+0530 (India Standard Time)-{}","private":true}
{"level":"error","message":"Fri May 31 2024 12:30:03 GMT+0530 (India Standard Time)-{}","private":true}
{"level":"error","message":"Fri May 31 2024 12:31:01 GMT+0530 (India Standard Time)-{}","private":true}
{"level":"error","message":"Fri May 31 2024 12:31:02 GMT+0530 (India Standard Time)-{}","private":true}
{"level":"error","message":"Fri May 31 2024 12:31:15 GMT+0530 (India Standard Time)-{}","private":true}
{"level":"error","message":"Fri May 31 2024 14:12:12 GMT+0530 (India Standard Time)-{\"name\":\"Data Not found\",\"statusCode\":{\"name\":\"API Error\",\"statusCode\":500,\"isOperational\":true},\"isOperational\":true}","private":true}
{"level":"error","message":"Fri May 31 2024 14:12:51 GMT+0530 (India Standard Time)-{\"name\":\"Data Not found\",\"statusCode\":{\"name\":\"API Error\",\"statusCode\":500,\"isOperational\":true},\"isOperational\":true}","private":true}
{"level":"error","message":"Fri May 31 2024 14:13:12 GMT+0530 (India Standard Time)-{\"name\":\"Data Not found\",\"statusCode\":{\"name\":\"API Error\",\"statusCode\":500,\"isOperational\":true},\"isOperational\":true}","private":true}
{"level":"error","message":"Fri May 31 2024 14:13:34 GMT+0530 (India Standard Time)-{\"name\":\"Data Not found\",\"statusCode\":{\"name\":\"API Error\",\"statusCode\":500,\"isOperational\":true},\"isOperational\":true}","private":true}
{"level":"error","message":"Fri May 31 2024 14:13:59 GMT+0530 (India Standard Time)-{\"name\":\"Data Not found\",\"statusCode\":{\"name\":\"API Error\",\"statusCode\":500,\"isOperational\":true},\"isOperational\":true}","private":true}
{"level":"error","message":"Fri May 31 2024 14:14:33 GMT+0530 (India Standard Time)-{\"name\":\"Data Not found\",\"statusCode\":{\"name\":\"API Error\",\"statusCode\":500,\"isOperational\":true},\"isOperational\":true}","private":true}
{"level":"error","message":"Fri May 31 2024 14:20:05 GMT+0530 (India Standard Time)-{\"name\":\"Data Not found\",\"statusCode\":{},\"isOperational\":true}","private":true}
{"level":"error","message":"Fri May 31 2024 14:20:49 GMT+0530 (India Standard Time)-{\"name\":\"Data Not found\",\"statusCode\":{},\"isOperational\":true}","private":true}
{"level":"error","message":"Fri May 31 2024 14:22:15 GMT+0530 (India Standard Time)-{\"name\":\"Data Not found\",\"statusCode\":{},\"isOperational\":true}","private":true}
{"level":"error","message":"Fri May 31 2024 14:23:22 GMT+0530 (India Standard Time)-{\"name\":\"Data Not found\",\"statusCode\":{},\"isOperational\":true}","private":true}
{"level":"error","message":"Fri May 31 2024 14:23:31 GMT+0530 (India Standard Time)-{\"name\":\"Data Not found\",\"statusCode\":{},\"isOperational\":true}","private":true}
{"level":"error","message":"Fri May 31 2024 14:23:47 GMT+0530 (India Standard Time)-{\"name\":\"Data Not found\",\"statusCode\":{},\"isOperational\":true}","private":true}
{"level":"error","message":"Fri May 31 2024 14:24:10 GMT+0530 (India Standard Time)-{\"name\":\"Data Not found\",\"statusCode\":{},\"isOperational\":true}","private":true}
{"level":"error","message":"Fri May 31 2024 14:53:17 GMT+0530 (India Standard Time)-{\"name\":\"Data Not found\",\"statusCode\":{\"name\":\"API Error\",\"statusCode\":500,\"isOperational\":true},\"isOperational\":true}","private":true}
{"level":"error","message":"Fri May 31 2024 14:54:18 GMT+0530 (India Standard Time)-{\"name\":\"Data Not found\",\"statusCode\":{\"name\":\"API Error\",\"statusCode\":500,\"isOperational\":true},\"isOperational\":true}","private":true}
{"level":"error","message":"Fri May 31 2024 14:55:41 GMT+0530 (India Standard Time)-{\"name\":\"Data Not found\",\"statusCode\":{\"name\":\"API Error\",\"statusCode\":500,\"isOperational\":true},\"isOperational\":true}","private":true}
{"level":"error","message":"Fri May 31 2024 14:55:58 GMT+0530 (India Standard Time)-{\"name\":\"Data Not found\",\"statusCode\":{\"name\":\"API Error\",\"statusCode\":500,\"isOperational\":true},\"isOperational\":true}","private":true}
{"level":"error","message":"Fri May 31 2024 14:56:46 GMT+0530 (India Standard Time)-{\"name\":\"Data Not found\",\"statusCode\":{\"name\":\"API Error\",\"statusCode\":500,\"isOperational\":true},\"isOperational\":true}","private":true}
{"level":"error","message":"Fri May 31 2024 14:57:01 GMT+0530 (India Standard Time)-{\"name\":\"Data Not found\",\"statusCode\":{\"name\":\"API Error\",\"statusCode\":500,\"isOperational\":true},\"isOperational\":true}","private":true}
{"level":"error","message":"Fri May 31 2024 14:57:55 GMT+0530 (India Standard Time)-{\"name\":\"Data Not found\",\"statusCode\":{\"name\":\"API Error\",\"statusCode\":500,\"isOperational\":true},\"isOperational\":true}","private":true}
{"level":"error","message":"Fri May 31 2024 14:58:33 GMT+0530 (India Standard Time)-{\"name\":\"Data Not found\",\"statusCode\":{\"name\":\"API Error\",\"statusCode\":500,\"isOperational\":true},\"isOperational\":true}","private":true}
{"level":"error","message":"Fri May 31 2024 14:59:49 GMT+0530 (India Standard Time)-{\"name\":\"Data Not found\",\"statusCode\":{\"name\":\"API Error\",\"statusCode\":500,\"isOperational\":true},\"isOperational\":true}","private":true}
{"level":"error","message":"Fri May 31 2024 15:00:20 GMT+0530 (India Standard Time)-{\"name\":\"Data Not found\",\"statusCode\":{\"name\":\"API Error\",\"statusCode\":500,\"isOperational\":true},\"isOperational\":true}","private":true}
{"level":"error","message":"Fri May 31 2024 15:04:39 GMT+0530 (India Standard Time)-{\"name\":\"Data Not found\",\"statusCode\":{\"name\":\"API Error\",\"statusCode\":500,\"isOperational\":true},\"isOperational\":true}","private":true}
{"level":"error","message":"Tue Jun 04 2024 02:35:24 GMT+0530 (India Standard Time)-{\"name\":\"Data Not found\",\"statusCode\":{},\"isOperational\":true}","private":true}
{"level":"error","message":"Tue Jun 04 2024 02:36:16 GMT+0530 (India Standard Time)-{\"name\":\"Data Not found\",\"statusCode\":{},\"isOperational\":true}","private":true}
{"level":"error","message":"Tue Jun 04 2024 02:38:01 GMT+0530 (India Standard Time)-{\"name\":\"Data Not found\",\"statusCode\":{},\"isOperational\":true}","private":true}
{"level":"error","message":"Tue Jun 04 2024 02:38:26 GMT+0530 (India Standard Time)-{\"name\":\"Data Not found\",\"statusCode\":{},\"isOperational\":true}","private":true}
{"level":"error","message":"Tue Jun 04 2024 02:39:14 GMT+0530 (India Standard Time)-{\"name\":\"Data Not found\",\"statusCode\":{},\"isOperational\":true}","private":true}
{"level":"error","message":"Tue Jun 04 2024 02:41:15 GMT+0530 (India Standard Time)-{\"name\":\"Data Not found\",\"statusCode\":{},\"isOperational\":true}","private":true}
{"level":"error","message":"Tue Jun 04 2024 02:43:08 GMT+0530 (India Standard Time)-{\"name\":\"Data Not found\",\"statusCode\":{},\"isOperational\":true}","private":true}
{"level":"error","message":"Tue Jun 04 2024 02:43:53 GMT+0530 (India Standard Time)-{\"name\":\"Data Not found\",\"statusCode\":{},\"isOperational\":true}","private":true}
{"level":"error","message":"Tue Jun 04 2024 02:44:19 GMT+0530 (India Standard Time)-{\"name\":\"Data Not found\",\"statusCode\":{},\"isOperational\":true}","private":true}
{"level":"error","message":"Tue Jun 04 2024 02:47:02 GMT+0530 (India Standard Time)-{\"name\":\"Data Not found\",\"statusCode\":{},\"isOperational\":true}","private":true}
{"level":"error","message":"Tue Jun 04 2024 02:50:22 GMT+0530 (India Standard Time)-{\"name\":\"Data Not found\",\"statusCode\":{},\"isOperational\":true}","private":true}
{"level":"error","message":"Tue Jun 04 2024 02:52:00 GMT+0530 (India Standard Time)-{\"name\":\"Data Not found\",\"statusCode\":{},\"isOperational\":true}","private":true}
{"level":"error","message":"Tue Jun 04 2024 02:52:17 GMT+0530 (India Standard Time)-{\"name\":\"Data Not found\",\"statusCode\":{},\"isOperational\":true}","private":true}
{"level":"error","message":"Tue Jun 04 2024 03:37:13 GMT+0530 (India Standard Time)-{}","private":true}
{"level":"error","message":"Tue Jun 04 2024 03:37:29 GMT+0530 (India Standard Time)-{\"name\":\"Data Not found\",\"statusCode\":{\"name\":\"API Error\",\"statusCode\":500,\"isOperational\":true},\"isOperational\":true}","private":true}
{"level":"error","message":"Tue Jun 04 2024 03:39:42 GMT+0530 (India Standard Time)-{\"name\":\"Data Not found\",\"statusCode\":{\"name\":\"API Error\",\"statusCode\":500,\"isOperational\":true},\"isOperational\":true}","private":true}
{"level":"error","message":"Tue Jun 04 2024 03:42:44 GMT+0530 (India Standard Time)-{\"name\":\"Data Not found\",\"statusCode\":{\"name\":\"API Error\",\"statusCode\":500,\"isOperational\":true},\"isOperational\":true}","private":true}
{"level":"error","message":"Tue Jun 04 2024 03:44:18 GMT+0530 (India Standard Time)-{\"name\":\"Data Not found\",\"statusCode\":{\"name\":\"API Error\",\"statusCode\":500,\"isOperational\":true},\"isOperational\":true}","private":true}
{"level":"error","message":"Tue Jun 04 2024 03:45:05 GMT+0530 (India Standard Time)-{\"name\":\"Data Not found\",\"statusCode\":{\"name\":\"API Error\",\"statusCode\":500,\"isOperational\":true},\"isOperational\":true}","private":true}
{"level":"error","message":"Tue Jun 04 2024 03:46:02 GMT+0530 (India Standard Time)-{\"name\":\"Data Not found\",\"statusCode\":{\"name\":\"API Error\",\"statusCode\":500,\"isOperational\":true},\"isOperational\":true}","private":true}
{"level":"error","message":"Tue Jun 04 2024 03:51:22 GMT+0530 (India Standard Time)-{\"name\":\"Data Not found\",\"statusCode\":{\"name\":\"API Error\",\"statusCode\":500,\"isOperational\":true},\"isOperational\":true}","private":true}
{"level":"error","message":"Tue Jun 04 2024 03:53:28 GMT+0530 (India Standard Time)-{\"name\":\"Data Not found\",\"statusCode\":{\"name\":\"API Error\",\"statusCode\":500,\"isOperational\":true},\"isOperational\":true}","private":true}
{"level":"error","message":"Tue Jun 04 2024 03:54:57 GMT+0530 (India Standard Time)-{\"name\":\"Data Not found\",\"statusCode\":{\"name\":\"API Error\",\"statusCode\":500,\"isOperational\":true},\"isOperational\":true}","private":true}
{"level":"error","message":"Tue Jun 04 2024 03:55:32 GMT+0530 (India Standard Time)-{\"name\":\"Data Not found\",\"statusCode\":{\"name\":\"API Error\",\"statusCode\":500,\"isOperational\":true},\"isOperational\":true}","private":true}
{"level":"error","message":"Tue Jun 04 2024 04:07:56 GMT+0530 (India Standard Time)-{\"name\":\"Data Not found\",\"statusCode\":{\"name\":\"API Error\",\"statusCode\":500,\"isOperational\":true},\"isOperational\":true}","private":true}
{"level":"error","message":"Tue Jun 04 2024 04:09:28 GMT+0530 (India Standard Time)-{\"name\":\"Data Not found\",\"statusCode\":{\"name\":\"API Error\",\"statusCode\":500,\"isOperational\":true},\"isOperational\":true}","private":true}
{"level":"error","message":"Tue Jun 04 2024 04:10:20 GMT+0530 (India Standard Time)-{\"name\":\"Data Not found\",\"statusCode\":{\"name\":\"API Error\",\"statusCode\":500,\"isOperational\":true},\"isOperational\":true}","private":true}
{"level":"error","message":"Tue Jun 04 2024 04:10:59 GMT+0530 (India Standard Time)-{\"name\":\"Data Not found\",\"statusCode\":{\"name\":\"API Error\",\"statusCode\":500,\"isOperational\":true},\"isOperational\":true}","private":true}
{"level":"error","message":"Tue Jun 04 2024 17:31:55 GMT+0530 (India Standard Time)-{\"storageErrors\":[]}","private":true}
{"level":"error","message":"Tue Jun 04 2024 17:33:39 GMT+0530 (India Standard Time)-{\"storageErrors\":[]}","private":true}
{"level":"error","message":"Tue Jun 04 2024 17:33:49 GMT+0530 (India Standard Time)-{\"storageErrors\":[]}","private":true}
{"level":"error","message":"Tue Jun 04 2024 17:34:15 GMT+0530 (India Standard Time)-{\"storageErrors\":[]}","private":true}
{"level":"error","message":"Tue Jun 04 2024 17:42:08 GMT+0530 (India Standard Time)-{\"storageErrors\":[]}","private":true}
{"level":"error","message":"Tue Jun 04 2024 17:43:06 GMT+0530 (India Standard Time)-{\"storageErrors\":[]}","private":true}
{"level":"error","message":"Tue Jun 04 2024 17:55:56 GMT+0530 (India Standard Time)-{\"storageErrors\":[]}","private":true}
{"level":"error","message":"Tue Jun 04 2024 18:09:52 GMT+0530 (India Standard Time)-{\"storageErrors\":[]}","private":true}
{"level":"error","message":"Tue Jun 04 2024 18:12:09 GMT+0530 (India Standard Time)-{\"storageErrors\":[]}","private":true}
{"level":"error","message":"Tue Jun 04 2024 18:25:13 GMT+0530 (India Standard Time)-{\"storageErrors\":[]}","private":true}
{"level":"error","message":"Tue Jun 04 2024 18:29:49 GMT+0530 (India Standard Time)-{\"storageErrors\":[]}","private":true}
{"level":"error","message":"Tue Jun 04 2024 18:30:29 GMT+0530 (India Standard Time)-{\"storageErrors\":[]}","private":true}
{"level":"error","message":"Tue Jun 04 2024 18:32:38 GMT+0530 (India Standard Time)-{\"storageErrors\":[]}","private":true}
{"level":"error","message":"Tue Jun 04 2024 18:44:28 GMT+0530 (India Standard Time)-{\"storageErrors\":[]}","private":true}
{"level":"error","message":"Tue Jun 04 2024 18:45:11 GMT+0530 (India Standard Time)-{\"storageErrors\":[]}","private":true}
{"level":"error","message":"Tue Jun 04 2024 18:52:04 GMT+0530 (India Standard Time)-{\"storageErrors\":[]}","private":true}
{"level":"error","message":"Tue Jun 04 2024 18:54:02 GMT+0530 (India Standard Time)-{\"storageErrors\":[]}","private":true}
{"level":"error","message":"Tue Jun 04 2024 18:56:51 GMT+0530 (India Standard Time)-{\"storageErrors\":[]}","private":true}
{"level":"error","message":"Tue Jun 04 2024 19:01:05 GMT+0530 (India Standard Time)-{\"storageErrors\":[]}","private":true}
{"level":"error","message":"Tue Jun 04 2024 19:03:22 GMT+0530 (India Standard Time)-{\"storageErrors\":[]}","private":true}
{"level":"error","message":"Tue Jun 04 2024 19:03:42 GMT+0530 (India Standard Time)-{\"storageErrors\":[]}","private":true}
{"level":"error","message":"Tue Jun 04 2024 19:08:26 GMT+0530 (India Standard Time)-{\"storageErrors\":[]}","private":true}
{"level":"error","message":"Tue Jun 04 2024 21:09:17 GMT+0530 (India Standard Time)-{\"storageErrors\":[]}","private":true}
{"level":"error","message":"Tue Jun 04 2024 21:09:53 GMT+0530 (India Standard Time)-{\"storageErrors\":[]}","private":true}
{"level":"error","message":"Tue Jun 04 2024 21:11:56 GMT+0530 (India Standard Time)-{\"storageErrors\":[]}","private":true}
{"level":"error","message":"Tue Jun 04 2024 23:19:35 GMT+0530 (India Standard Time)-{\"storageErrors\":[]}","private":true}
{"level":"error","message":"Tue Jun 04 2024 23:31:47 GMT+0530 (India Standard Time)-{\"storageErrors\":[]}","private":true}
{"level":"error","message":"Tue Jun 04 2024 23:32:58 GMT+0530 (India Standard Time)-{\"storageErrors\":[]}","private":true}
{"level":"error","message":"Tue Jun 04 2024 23:33:32 GMT+0530 (India Standard Time)-{\"storageErrors\":[]}","private":true}
{"level":"error","message":"Tue Jun 04 2024 23:35:29 GMT+0530 (India Standard Time)-{\"storageErrors\":[]}","private":true}
{"level":"error","message":"Tue Jun 04 2024 23:35:32 GMT+0530 (India Standard Time)-{\"storageErrors\":[]}","private":true}
{"level":"error","message":"Tue Jun 04 2024 23:35:33 GMT+0530 (India Standard Time)-{\"storageErrors\":[]}","private":true}
{"level":"error","message":"Tue Jun 04 2024 23:35:33 GMT+0530 (India Standard Time)-{\"storageErrors\":[]}","private":true}
{"level":"error","message":"Tue Jun 04 2024 23:35:33 GMT+0530 (India Standard Time)-{\"storageErrors\":[]}","private":true}
{"level":"error","message":"Tue Jun 04 2024 23:35:33 GMT+0530 (India Standard Time)-{\"storageErrors\":[]}","private":true}
{"level":"error","message":"Tue Jun 04 2024 23:35:33 GMT+0530 (India Standard Time)-{\"storageErrors\":[]}","private":true}
{"level":"error","message":"Tue Jun 04 2024 23:35:33 GMT+0530 (India Standard Time)-{\"storageErrors\":[]}","private":true}
{"level":"error","message":"Tue Jun 04 2024 23:35:34 GMT+0530 (India Standard Time)-{\"storageErrors\":[]}","private":true}
{"level":"error","message":"Tue Jun 04 2024 23:35:43 GMT+0530 (India Standard Time)-{\"storageErrors\":[]}","private":true}
{"level":"error","message":"Tue Jun 04 2024 23:35:56 GMT+0530 (India Standard Time)-{\"storageErrors\":[]}","private":true}
{"level":"error","message":"Tue Jun 04 2024 23:44:34 GMT+0530 (India Standard Time)-{\"storageErrors\":[]}","private":true}
{"level":"error","message":"Tue Jun 04 2024 23:51:38 GMT+0530 (India Standard Time)-{}","private":true}
{"level":"error","message":"Tue Jun 04 2024 23:51:43 GMT+0530 (India Standard Time)-{\"storageErrors\":[]}","private":true}
{"level":"error","message":"Tue Jun 04 2024 23:51:48 GMT+0530 (India Standard Time)-{}","private":true}
{"level":"error","message":"Tue Jun 04 2024 23:52:36 GMT+0530 (India Standard Time)-{\"storageErrors\":[]}","private":true}
{"level":"error","message":"Tue Jun 04 2024 23:52:36 GMT+0530 (India Standard Time)-{\"storageErrors\":[]}","private":true}
{"level":"error","message":"Tue Jun 04 2024 23:52:37 GMT+0530 (India Standard Time)-{\"storageErrors\":[]}","private":true}
{"level":"error","message":"Tue Jun 04 2024 23:52:37 GMT+0530 (India Standard Time)-{\"storageErrors\":[]}","private":true}
{"level":"error","message":"Tue Jun 04 2024 23:52:37 GMT+0530 (India Standard Time)-{\"storageErrors\":[]}","private":true}
{"level":"error","message":"Tue Jun 04 2024 23:52:37 GMT+0530 (India Standard Time)-{\"storageErrors\":[]}","private":true}
{"level":"error","message":"Tue Jun 04 2024 23:52:37 GMT+0530 (India Standard Time)-{\"storageErrors\":[]}","private":true}
{"level":"error","message":"Tue Jun 04 2024 23:52:37 GMT+0530 (India Standard Time)-{\"storageErrors\":[]}","private":true}
{"level":"error","message":"Tue Jun 04 2024 23:52:38 GMT+0530 (India Standard Time)-{\"storageErrors\":[]}","private":true}
{"level":"error","message":"Tue Jun 04 2024 23:52:38 GMT+0530 (India Standard Time)-{\"storageErrors\":[]}","private":true}
{"level":"error","message":"Tue Jun 04 2024 23:52:38 GMT+0530 (India Standard Time)-{\"storageErrors\":[]}","private":true}
{"level":"error","message":"Tue Jun 04 2024 23:52:38 GMT+0530 (India Standard Time)-{\"storageErrors\":[]}","private":true}
{"level":"error","message":"Tue Jun 04 2024 23:52:38 GMT+0530 (India Standard Time)-{\"storageErrors\":[]}","private":true}
{"level":"error","message":"Tue Jun 04 2024 23:52:39 GMT+0530 (India Standard Time)-{\"storageErrors\":[]}","private":true}
{"level":"error","message":"Tue Jun 04 2024 23:52:39 GMT+0530 (India Standard Time)-{\"storageErrors\":[]}","private":true}
{"level":"error","message":"Tue Jun 04 2024 23:52:39 GMT+0530 (India Standard Time)-{\"storageErrors\":[]}","private":true}
{"level":"error","message":"Tue Jun 11 2024 12:43:40 GMT+0530 (India Standard Time)-{}","private":true}
{"level":"error","message":"Tue Jun 11 2024 12:44:14 GMT+0530 (India Standard Time)-{}","private":true}
{"level":"error","message":"Tue Jun 11 2024 12:45:04 GMT+0530 (India Standard Time)-{}","private":true}
{"level":"error","message":"Tue Jun 11 2024 12:46:13 GMT+0530 (India Standard Time)-{}","private":true}
{"level":"error","message":"Tue Jun 11 2024 12:51:55 GMT+0530 (India Standard Time)-{}","private":true}
{"level":"error","message":"Tue Jun 11 2024 12:52:29 GMT+0530 (India Standard Time)-{}","private":true}
{"level":"error","message":"Tue Jun 11 2024 12:53:29 GMT+0530 (India Standard Time)-{}","private":true}
{"level":"error","message":"Tue Jun 11 2024 12:53:50 GMT+0530 (India Standard Time)-{}","private":true}
{"level":"error","message":"Tue Jun 11 2024 12:54:53 GMT+0530 (India Standard Time)-{}","private":true}
{"level":"error","message":"Tue Jun 11 2024 12:55:15 GMT+0530 (India Standard Time)-{}","private":true}
{"level":"error","message":"Tue Jun 11 2024 12:55:28 GMT+0530 (India Standard Time)-{}","private":true}
{"level":"error","message":"Tue Jun 11 2024 12:55:31 GMT+0530 (India Standard Time)-{}","private":true}
{"level":"error","message":"Tue Jun 11 2024 12:55:48 GMT+0530 (India Standard Time)-{}","private":true}
{"level":"error","message":"Tue Jun 11 2024 12:55:59 GMT+0530 (India Standard Time)-{}","private":true}
{"level":"error","message":"Tue Jun 11 2024 12:56:08 GMT+0530 (India Standard Time)-{}","private":true}
{"level":"error","message":"Tue Jun 11 2024 12:56:20 GMT+0530 (India Standard Time)-{}","private":true}
{"level":"error","message":"Tue Jun 11 2024 12:57:08 GMT+0530 (India Standard Time)-{}","private":true}
{"level":"error","message":"Tue Jun 11 2024 12:57:53 GMT+0530 (India Standard Time)-{}","private":true}
{"level":"error","message":"Tue Jun 11 2024 12:58:41 GMT+0530 (India Standard Time)-{}","private":true}
{"level":"error","message":"Tue Jun 11 2024 13:50:39 GMT+0530 (India Standard Time)-{\"name\":\"MulterError\",\"message\":\"Unexpected field\",\"code\":\"LIMIT_UNEXPECTED_FILE\",\"field\":\"workImagesVideos\",\"storageErrors\":[{\"name\":\"AccessDenied\",\"$fault\":\"client\",\"$metadata\":{\"httpStatusCode\":403,\"requestId\":\"RQQ221YWYTKNF0KJ\",\"extendedRequestId\":\"ArTRI1KYVmEvjFGkpEfiemoSPT77k5PA2FyGTyTJsViOFW0cmtRu1J1aydy8TmTByDkZQa74LPA=\",\"attempts\":1,\"totalRetryDelay\":0},\"Code\":\"AccessDenied\",\"RequestId\":\"RQQ221YWYTKNF0KJ\",\"HostId\":\"ArTRI1KYVmEvjFGkpEfiemoSPT77k5PA2FyGTyTJsViOFW0cmtRu1J1aydy8TmTByDkZQa74LPA=\",\"message\":\"Access Denied\",\"file\":{\"fieldname\":\"workImagesVideos\",\"originalname\":\"Vector.png\",\"encoding\":\"7bit\",\"mimetype\":\"image/png\",\"size\":5386,\"bucket\":\"karyamitra-service-providers-images-videos\",\"key\":\"serviceProviderWorkImagesVideos/2ffadf67be7534498e06f6627d9c54e7-1718094039120-Vector.png\",\"acl\":\"private\",\"contentType\":\"application/octet-stream\",\"contentDisposition\":null,\"contentEncoding\":null,\"storageClass\":\"STANDARD\",\"serverSideEncryption\":null,\"location\":\"https://karyamitra-service-providers-images-videos.s3.ap-south-1.amazonaws.com/serviceProviderWorkImagesVideos/2ffadf67be7534498e06f6627d9c54e7-1718094039120-Vector.png\",\"etag\":\"\\\"9dee833a6ec440a0717f0428919021c7\\\"\"},\"field\":\"workImagesVideos\"}]}","private":true}
{"level":"error","message":"Tue Jun 11 2024 15:37:48 GMT+0530 (India Standard Time)-{\"status\":415,\"storageErrors\":[]}","private":true}
{"level":"error","message":"Tue Jun 11 2024 16:47:29 GMT+0530 (India Standard Time)-{\"status\":415,\"storageErrors\":[]}","private":true}
{"level":"error","message":"Tue Jun 11 2024 18:24:18 GMT+0530 (India Standard Time)-{\"errno\":-3008,\"code\":\"ENOTFOUND\",\"syscall\":\"getaddrinfo\",\"hostname\":\"karyamitra-service-providers-images.s3.ap-south-1.amazonaws.com\",\"$metadata\":{\"attempts\":1,\"totalRetryDelay\":0},\"storageErrors\":[]}","private":true}
{"level":"error","message":"Wed Jun 12 2024 16:28:26 GMT+0530 (India Standard Time)-{\"status\":415,\"storageErrors\":[]}","private":true}
{"level":"error","message":"Wed Jun 12 2024 16:29:30 GMT+0530 (India Standard Time)-{\"status\":415,\"storageErrors\":[]}","private":true}
{"level":"error","message":"Wed Jun 12 2024 16:30:45 GMT+0530 (India Standard Time)-{\"status\":415,\"storageErrors\":[]}","private":true}
{"level":"error","message":"Sat Jun 29 2024 09:29:35 GMT+0530 (India Standard Time)-{\"name\":\"Data Not found\",\"statusCode\":{},\"isOperational\":true}","private":true}
{"level":"error","message":"Sat Jun 29 2024 09:48:39 GMT+0530 (India Standard Time)-{\"name\":\"Data Not found\",\"statusCode\":{\"name\":\"API Error\",\"statusCode\":500,\"isOperational\":true},\"isOperational\":true}","private":true}
{"level":"error","message":"Sat Jun 29 2024 09:49:57 GMT+0530 (India Standard Time)-{\"name\":\"Data Not found\",\"statusCode\":{\"name\":\"API Error\",\"statusCode\":500,\"isOperational\":true},\"isOperational\":true}","private":true}
{"level":"error","message":"Sat Jun 29 2024 09:50:51 GMT+0530 (India Standard Time)-{\"name\":\"Data Not found\",\"statusCode\":{\"name\":\"API Error\",\"statusCode\":500,\"isOperational\":true},\"isOperational\":true}","private":true}
{"level":"error","message":"Sat Jun 29 2024 09:52:29 GMT+0530 (India Standard Time)-{\"name\":\"Data Not found\",\"statusCode\":{\"name\":\"API Error\",\"statusCode\":500,\"isOperational\":true},\"isOperational\":true}","private":true}
{"level":"error","message":"Sat Jun 29 2024 10:03:55 GMT+0530 (India Standard Time)-{}","private":true}
{"level":"error","message":"Sat Jun 29 2024 10:04:13 GMT+0530 (India Standard Time)-{}","private":true}
{"level":"error","message":"Sat Jun 29 2024 10:06:15 GMT+0530 (India Standard Time)-{}","private":true}
{"level":"error","message":"Sat Jun 29 2024 10:58:43 GMT+0530 (India Standard Time)-{\"name\":\"Data Not found\",\"statusCode\":{\"name\":\"API Error\",\"statusCode\":500,\"isOperational\":true},\"isOperational\":true}","private":true}
{"level":"error","message":"Sat Jun 29 2024 11:00:39 GMT+0530 (India Standard Time)-{\"name\":\"Data Not found\",\"statusCode\":{\"name\":\"API Error\",\"statusCode\":500,\"isOperational\":true},\"isOperational\":true}","private":true}
{"level":"error","message":"Sat Jun 29 2024 11:12:28 GMT+0530 (India Standard Time)-{\"name\":\"Data Not found\",\"statusCode\":{\"name\":\"API Error\",\"statusCode\":500,\"isOperational\":true},\"isOperational\":true}","private":true}
{"level":"error","message":"Sat Jun 29 2024 11:14:51 GMT+0530 (India Standard Time)-{\"name\":\"Data Not found\",\"statusCode\":{\"name\":\"API Error\",\"statusCode\":500,\"isOperational\":true},\"isOperational\":true}","private":true}
{"level":"error","message":"Sat Jun 29 2024 11:15:20 GMT+0530 (India Standard Time)-{\"name\":\"Data not found\",\"statusCode\":{},\"isOperational\":true}","private":true}
{"level":"error","message":"Sat Jun 29 2024 11:16:59 GMT+0530 (India Standard Time)-{\"name\":\"Data not found\",\"statusCode\":{},\"isOperational\":true}","private":true}
{"level":"error","message":"Sat Jun 29 2024 11:20:09 GMT+0530 (India Standard Time)-{\"name\":\"Data not found\",\"statusCode\":{},\"isOperational\":true}","private":true}
{"level":"error","message":"Sat Jun 29 2024 11:21:06 GMT+0530 (India Standard Time)-{\"name\":\"Data not found\",\"statusCode\":{},\"isOperational\":true}","private":true}
{"level":"error","message":"Sat Jun 29 2024 11:32:14 GMT+0530 (India Standard Time)-{\"name\":\"Data not found\",\"statusCode\":{\"name\":\"API Error\",\"statusCode\":500,\"isOperational\":true},\"isOperational\":true}","private":true}
{"level":"error","message":"Sat Jun 29 2024 11:33:32 GMT+0530 (India Standard Time)-{\"name\":\"Data not found\",\"statusCode\":{\"name\":\"API Error\",\"statusCode\":500,\"isOperational\":true},\"isOperational\":true}","private":true}
{"level":"error","message":"Sat Jun 29 2024 11:40:55 GMT+0530 (India Standard Time)-{\"name\":\"Data not found\",\"statusCode\":{},\"isOperational\":true}","private":true}
{"level":"error","message":"Sat Jun 29 2024 11:45:16 GMT+0530 (India Standard Time)-{}","private":true}
{"level":"error","message":"Sat Jun 29 2024 11:45:53 GMT+0530 (India Standard Time)-{\"name\":\"Data not found\",\"statusCode\":{},\"isOperational\":true}","private":true}
{"level":"error","message":"Sat Jun 29 2024 11:55:47 GMT+0530 (India Standard Time)-{\"name\":\"Data not found\",\"statusCode\":{},\"isOperational\":true}","private":true}
{"level":"error","message":"Sat Jun 29 2024 11:55:58 GMT+0530 (India Standard Time)-{\"name\":\"Data not found\",\"statusCode\":{\"name\":\"API Error\",\"statusCode\":500,\"isOperational\":true},\"isOperational\":true}","private":true}
{"level":"error","message":"Sat Jun 29 2024 11:57:03 GMT+0530 (India Standard Time)-{\"name\":\"Data not found\",\"statusCode\":{\"name\":\"API Error\",\"statusCode\":500,\"isOperational\":true},\"isOperational\":true}","private":true}
{"level":"error","message":"Sat Jun 29 2024 12:09:23 GMT+0530 (India Standard Time)-{\"name\":\"Data not found\",\"statusCode\":{\"name\":\"API Error\",\"statusCode\":500,\"isOperational\":true},\"isOperational\":true}","private":true}
{"level":"error","message":"Sat Jun 29 2024 12:11:55 GMT+0530 (India Standard Time)-{\"name\":\"Data not found\",\"statusCode\":{\"name\":\"API Error\",\"statusCode\":500,\"isOperational\":true},\"isOperational\":true}","private":true}
{"level":"error","message":"Sat Jun 29 2024 12:12:47 GMT+0530 (India Standard Time)-{\"name\":\"Data not found\",\"statusCode\":{\"name\":\"API Error\",\"statusCode\":500,\"isOperational\":true},\"isOperational\":true}","private":true}
{"level":"error","message":"Sat Jun 29 2024 15:19:12 GMT+0530 (India Standard Time)-{\"name\":\"Data not found\",\"statusCode\":{\"name\":\"API Error\",\"statusCode\":500,\"isOperational\":true},\"isOperational\":true}","private":true}
